Сборка начата 01.11.2015 21:41:47.
     1>Проект "c:\Users\Егор\documents\visual studio 2013\Projects\pmav2\pmav2\pmav2.vcxproj" в узле 2 (целевые объекты Build).
     1>CustomBuild:
         Moc'ing pmav2.h...
         Uic'ing pmav2.ui...
         Rcc'ing pmav2.qrc...
     1>RCC : warning : No resources in 'c:\Users\╨Х╨│╨╛╤А\documents\visual studio 2013\Projects\pmav2\pmav2\pmav2.qrc'.
         
       ClCompile:
         C:\Program Files (x86)\Microsoft Visual Studio 12.0\VC\bin\CL.exe /c /I.\GeneratedFiles /I. /IC:\Qt\Qt5.5.10\5.5\msvc2013\include /I.\GeneratedFiles\Release /IC:\Qt\Qt5.5.10\5.5\msvc2013\include\QtCore /IC:\Qt\Qt5.5.10\5.5\msvc2013\include\QtGui /IC:\Qt\Qt5.5.10\5.5\msvc2013\include\QtWidgets /nologo /W1 /WX- /O2 /Oy- /D UNICODE /D WIN32 /D WIN64 /D QT_DLL /D QT_NO_DEBUG /D NDEBUG /D QT_CORE_LIB /D QT_GUI_LIB /D QT_WIDGETS_LIB /Gm- /EHsc /MD /GS /fp:precise /Zc:wchar_t /Zc:forScope /Fo"Release\\" /Fd"Release\vc120.pdb" /Gd /TP /analyze- /errorReport:prompt GeneratedFiles\qrc_pmav2.cpp
         qrc_pmav2.cpp
         C:\Program Files (x86)\Microsoft Visual Studio 12.0\VC\bin\CL.exe /c /I.\GeneratedFiles /I. /IC:\Qt\Qt5.5.10\5.5\msvc2013\include /I.\GeneratedFiles\Release /IC:\Qt\Qt5.5.10\5.5\msvc2013\include\QtCore /IC:\Qt\Qt5.5.10\5.5\msvc2013\include\QtGui /IC:\Qt\Qt5.5.10\5.5\msvc2013\include\QtWidgets /nologo /W1 /WX- /O2 /Oy- /D UNICODE /D WIN32 /D WIN64 /D QT_DLL /D QT_NO_DEBUG /D NDEBUG /D QT_CORE_LIB /D QT_GUI_LIB /D QT_WIDGETS_LIB /Gm- /EHsc /MD /GS /fp:precise /Zc:wchar_t /Zc:forScope /Fo"Release\\" /Fd"Release\vc120.pdb" /Gd /TP /analyze- /errorReport:prompt GeneratedFiles\Release\moc_pmav2.cpp main.cpp pmav2.cpp
         moc_pmav2.cpp
         main.cpp
         pmav2.cpp
         Создание кода...
       Link:
         C:\Program Files (x86)\Microsoft Visual Studio 12.0\VC\bin\link.exe /ERRORREPORT:PROMPT /OUT:"c:\Users\Егор\documents\visual studio 2013\Projects\pmav2\Win32\Release\\pmav2.exe" /NOLOGO /LIBPATH:C:\Qt\Qt5.5.10\5.5\msvc2013\lib qtmain.lib Qt5Core.lib Qt5Gui.lib Qt5Widgets.lib kernel32.lib user32.lib gdi32.lib winspool.lib comdlg32.lib advapi32.lib shell32.lib ole32.lib oleaut32.lib uuid.lib odbc32.lib odbccp32.lib /MANIFEST /MANIFESTUAC:"level='asInvoker' uiAccess='false'" /manifest:embed /PDB:"c:\Users\Егор\documents\visual studio 2013\Projects\pmav2\Win32\Release\pmav2.pdb" /SUBSYSTEM:WINDOWS /TLBID:1 /DYNAMICBASE /NXCOMPAT /IMPLIB:"c:\Users\Егор\documents\visual studio 2013\Projects\pmav2\Win32\Release\pmav2.lib" /MACHINE:X86 /SAFESEH Release\qrc_pmav2.obj
         Release\moc_pmav2.obj
         Release\main.obj
         Release\pmav2.obj
         pmav2.vcxproj -> c:\Users\Егор\documents\visual studio 2013\Projects\pmav2\Win32\Release\pmav2.exe
     1>Сборка проекта "c:\Users\Егор\documents\visual studio 2013\Projects\pmav2\pmav2\pmav2.vcxproj" завершена (целевые объекты Build).

Сборка успешно завершена.

Затраченное время: 00:00:07.63
