Сборка начата 19.11.2015 22:11:25.
     1>Проект "C:\Users\Лилия\Documents\GitHub\AntiVirus\root\Antivirus Main Window\source\try3.vcxproj" в узле 2 (целевые объекты Rebuild).
     1>CustomBuild:
         Moc'ing widget.h...
         Moc'ing window.h...
         Uic'ing widget.ui...
     1>C:\Program Files (x86)\MSBuild\Microsoft.Cpp\v4.0\V120\Microsoft.CppBuild.targets(935,5): warning MSB8027: Two or more files with the name of moc_widget.cpp will produce outputs to the same location. This can lead to an incorrect build result.  The files involved are Debug\moc_widget.cpp, Release\moc_widget.cpp.
     1>C:\Program Files (x86)\MSBuild\Microsoft.Cpp\v4.0\V120\Microsoft.CppBuild.targets(935,5): warning MSB8027: Two or more files with the name of moc_window.cpp will produce outputs to the same location. This can lead to an incorrect build result.  The files involved are Debug\moc_window.cpp, Release\moc_window.cpp.
       ClCompile:
         C:\Program Files (x86)\Microsoft Visual Studio 2013 12.0\VC\bin\CL.exe /c /I. /IC:\Qt\Qt5.5.1\5.5\msvc2013\include /IC:\Qt\Qt5.5.1\5.5\msvc2013\include\QtWidgets /IC:\Qt\Qt5.5.1\5.5\msvc2013\include\QtGui /IC:\Qt\Qt5.5.1\5.5\msvc2013\include\QtANGLE /IC:\Qt\Qt5.5.1\5.5\msvc2013\include\QtCore /Idebug /I. /I"C:\Qt\Qt5.5.1\5.5\msvc2013\mkspecs\win32-msvc2013" /I.\GeneratedFiles /Zi /nologo /W3 /WX- /Od /Oy- /D _WINDOWS /D UNICODE /D WIN32 /D QT_WIDGETS_LIB /D QT_GUI_LIB /D QT_CORE_LIB /Gm- /EHsc /MDd /GS /fp:precise /Zc:wchar_t /Zc:forScope /GR /Fo"Win32\Debug\\" /Fd"Win32\Debug\vc120.pdb" /Gd /TP /analyze- /errorReport:prompt -w34100 -w34189 -w44996 Debug\moc_widget.cpp Debug\moc_window.cpp main.cpp widget.cpp window.cpp
         moc_widget.cpp
         moc_window.cpp
         main.cpp
         widget.cpp
         window.cpp
     1>window.cpp(99): warning C4100: x1: неиспользованный формальный параметр
     1>window.cpp(99): warning C4100: x0: неиспользованный формальный параметр
     1>window.cpp(179): warning C4100: x1: неиспользованный формальный параметр
     1>window.cpp(179): warning C4100: x0: неиспользованный формальный параметр
         Создание кода...
       Link:
         C:\Program Files (x86)\Microsoft Visual Studio 2013 12.0\VC\bin\link.exe /ERRORREPORT:PROMPT /OUT:"debug\\try3.exe" /NOLOGO /LIBPATH:C:\Qt\Qt5.5.1\5.5\msvc2013\lib /LIBPATH:C:/qt/qt5.5.1/5.5/msvc2013/lib /LIBPATH:C:\Qt\Qt5.5.1\5.5\msvc2013\lib C:\Qt\Qt5.5.1\5.5\msvc2013\lib\qtmaind.lib shell32.lib C:/qt/qt5.5.1/5.5/msvc2013/lib\Qt5Cored.lib C:\Qt\Qt5.5.1\5.5\msvc2013\lib\Qt5Widgetsd.lib C:\Qt\Qt5.5.1\5.5\msvc2013\lib\Qt5Guid.lib C:\Qt\Qt5.5.1\5.5\msvc2013\lib\Qt5Cored.lib kernel32.lib user32.lib gdi32.lib winspool.lib comdlg32.lib advapi32.lib shell32.lib ole32.lib oleaut32.lib uuid.lib odbc32.lib odbccp32.lib /MANIFEST /MANIFESTUAC:"level='asInvoker' uiAccess='false'" /manifest:embed /DEBUG /PDB:"debug\try3.pdb" /SUBSYSTEM:WINDOWS /TLBID:1 /DYNAMICBASE /NXCOMPAT /MACHINE:X86 /SAFESEH "/MANIFESTDEPENDENCY:type='win32' name='Microsoft.Windows.Common-Controls' version='6.0.0.0' publicKeyToken='6595b64144ccf1df' language='*' processorArchitecture='*'" Win32\Debug\moc_widget.obj
         Win32\Debug\moc_window.obj
         Win32\Debug\main.obj
         Win32\Debug\widget.obj
         Win32\Debug\window.obj
         try3.vcxproj -> C:\Users\Лилия\Documents\GitHub\AntiVirus\root\Antivirus Main Window\source\debug\try3.exe
     1>Сборка проекта "C:\Users\Лилия\Documents\GitHub\AntiVirus\root\Antivirus Main Window\source\try3.vcxproj" завершена (целевые объекты Rebuild).

Сборка успешно завершена.

Затраченное время: 00:00:08.27
