c:\users\лилия\documents\github\antivirus\root\antivirus main window\source\win32\debug\vc120.pdb
c:\users\лилия\documents\github\antivirus\root\antivirus main window\source\win32\debug\window.obj
c:\users\лилия\documents\github\antivirus\root\antivirus main window\source\win32\debug\widget.obj
c:\users\лилия\documents\github\antivirus\root\antivirus main window\source\win32\debug\main.obj
c:\users\лилия\documents\github\antivirus\root\antivirus main window\source\win32\debug\moc_window.obj
c:\users\лилия\documents\github\antivirus\root\antivirus main window\source\win32\debug\moc_widget.obj
c:\users\лилия\documents\github\antivirus\root\antivirus main window\source\debug\moc_widget.cpp
c:\users\лилия\documents\github\antivirus\root\antivirus main window\source\debug\moc_window.cpp
c:\users\лилия\documents\github\antivirus\root\antivirus main window\source\generatedfiles\ui_widget.h
c:\users\лилия\documents\github\antivirus\root\antivirus main window\source\debug\try3.ilk
c:\users\лилия\documents\github\antivirus\root\antivirus main window\source\debug\try3.exe
c:\users\лилия\documents\github\antivirus\root\antivirus main window\source\debug\try3.pdb
c:\users\лилия\documents\github\antivirus\root\antivirus main window\source\win32\debug\try3.tlog\cl.command.1.tlog
c:\users\лилия\documents\github\antivirus\root\antivirus main window\source\win32\debug\try3.tlog\cl.read.1.tlog
c:\users\лилия\documents\github\antivirus\root\antivirus main window\source\win32\debug\try3.tlog\cl.write.1.tlog
c:\users\лилия\documents\github\antivirus\root\antivirus main window\source\win32\debug\try3.tlog\custombuild.command.1.tlog
c:\users\лилия\documents\github\antivirus\root\antivirus main window\source\win32\debug\try3.tlog\custombuild.read.1.tlog
c:\users\лилия\documents\github\antivirus\root\antivirus main window\source\win32\debug\try3.tlog\custombuild.write.1.tlog
c:\users\лилия\documents\github\antivirus\root\antivirus main window\source\win32\debug\try3.tlog\link.command.1.tlog
c:\users\лилия\documents\github\antivirus\root\antivirus main window\source\win32\debug\try3.tlog\link.read.1.tlog
c:\users\лилия\documents\github\antivirus\root\antivirus main window\source\win32\debug\try3.tlog\link.write.1.tlog
